Flutter crash report.
Please report a bug at https://github.com/flutter/flutter/issues.

## command

flutter pub get --no-example

## exception

YamlException: Error on line 2, column 8: Mapping values are not allowed here. Did you miss a colon earlier?
  ╷
2 │ arb-dir: lib/l10n
  │        ^
  ╵

```
#0      Scanner._fetchValue (package:yaml/src/scanner.dart:727:9)
#1      Scanner._fetchNextToken (package:yaml/src/scanner.dart:469:11)
#2      Scanner._fetchMoreTokens (package:yaml/src/scanner.dart:351:7)
#3      Scanner.peek (package:yaml/src/scanner.dart:329:27)
#4      Parser._parseDocumentEnd (package:yaml/src/parser.dart:226:26)
#5      Parser._stateMachine (package:yaml/src/parser.dart:78:16)
#6      Parser.parse (package:yaml/src/parser.dart:61:19)
#7      Loader._loadDocument (package:yaml/src/loader.dart:70:29)
#8      Loader.load (package:yaml/src/loader.dart:60:20)
#9      loadYamlDocument (package:yaml/yaml.dart:72:25)
#10     loadYamlNode (package:yaml/yaml.dart:57:5)
#11     generateLocalizationsSyntheticPackage (package:flutter_tools/src/dart/generate_synthetic_packages.dart:29:29)
#12     PackagesGetCommand.runCommand (package:flutter_tools/src/commands/packages.dart:303:15)
#13     FlutterCommand.verifyThenRunCommand (package:flutter_tools/src/runner/flutter_command.dart:1616:12)
<asynchronous suspension>
#14     FlutterCommand.run.<anonymous closure> (package:flutter_tools/src/runner/flutter_command.dart:1297:27)
<asynchronous suspension>
#15     AppContext.run.<anonymous closure> (package:flutter_tools/src/base/context.dart:150:19)
<asynchronous suspension>
#16     CommandRunner.runCommand (package:args/command_runner.dart:212:13)
<asynchronous suspension>
#17     FlutterCommandRunner.runCommand.<anonymous closure> (package:flutter_tools/src/runner/flutter_command_runner.dart:339:9)
<asynchronous suspension>
#18     AppContext.run.<anonymous closure> (package:flutter_tools/src/base/context.dart:150:19)
<asynchronous suspension>
#19     FlutterCommandRunner.runCommand (package:flutter_tools/src/runner/flutter_command_runner.dart:285:5)
<asynchronous suspension>
#20     run.<anonymous closure>.<anonymous closure> (package:flutter_tools/runner.dart:115:9)
<asynchronous suspension>
#21     AppContext.run.<anonymous closure> (package:flutter_tools/src/base/context.dart:150:19)
<asynchronous suspension>
#22     main (package:flutter_tools/executable.dart:90:3)
<asynchronous suspension>
```

## flutter doctor

```
[✓] Flutter (Channel stable, 3.13.7-0.0.pre.2, on Microsoft Windows [Version 10.0.19045.3448], locale ar-EG)
    • Flutter version 3.13.7-0.0.pre.2 on channel stable at E:\esraa\flutter
    • Upstream repository https://github.com/flutter/flutter.git
    • Framework revision abb078b161 (8 days ago), 2023-10-06 00:37:01 +0300
    • Engine revision a794cf2681
    • Dart version 3.1.3
    • DevTools version 2.25.0

[✓] Windows Version (Installed version of Windows is version 10 or higher)

[✓] Android toolchain - develop for Android devices (Android SDK version 34.0.0-rc2)
    • Android SDK at C:\Users\Abdrabo\AppData\Local\Android\sdk
    • Platform android-34, build-tools 34.0.0-rc2
    • Java binary at: C:\Program Files\Android\Android Studio\jbr\bin\java
    • Java version OpenJDK Runtime Environment (build 11.0.15+0-b2043.56-8887301)
    • All Android licenses accepted.

[✓] Chrome - develop for the web
    • Chrome at C:\Program Files\Google\Chrome\Application\chrome.exe

[✗] Visual Studio - develop Windows apps
    ✗ Visual Studio not installed; this is necessary to develop Windows apps.
      Download at https://visualstudio.microsoft.com/downloads/.
      Please install the "Desktop development with C++" workload, including all of its default components

[✓] Android Studio (version 2022.1)
    • Android Studio at C:\Program Files\Android\Android Studio
    • Flutter plugin can be installed from:
      🔨 https://plugins.jetbrains.com/plugin/9212-flutter
    • Dart plugin can be installed from:
      🔨 https://plugins.jetbrains.com/plugin/6351-dart
    • Java version OpenJDK Runtime Environment (build 11.0.15+0-b2043.56-8887301)

[✓] Connected device (3 available)
    • Windows (desktop) • windows • windows-x64    • Microsoft Windows [Version 10.0.19045.3448]
    • Chrome (web)      • chrome  • web-javascript • Google Chrome 117.0.5938.150
    • Edge (web)        • edge    • web-javascript • Microsoft Edge 117.0.2045.60

[✓] Network resources
    • All expected network resources are available.

! Doctor found issues in 1 category.
```
